[debug] [2026-05-08T09:36:09.529Z] ----------------------------------------------------------------------
[debug] [2026-05-08T09:36:09.531Z] Command:       C:\Program Files\nodejs\node.exe E:\vickyiitp\For connections\Gifts\node_modules\firebase-tools\lib\bin\firebase.js deploy
[debug] [2026-05-08T09:36:09.531Z] CLI Version:   15.17.0
[debug] [2026-05-08T09:36:09.531Z] Platform:      win32
[debug] [2026-05-08T09:36:09.532Z] Node Version:  v24.11.0
[debug] [2026-05-08T09:36:09.532Z] Time:          Fri May 08 2026 15:06:09 GMT+0530 (India Standard Time)
[debug] [2026-05-08T09:36:09.532Z] ----------------------------------------------------------------------
[debug] 
[debug] [2026-05-08T09:36:09.534Z] >>> [apiv2][query] GET https://firebase-public.firebaseio.com/cli.json [none]
[debug] [2026-05-08T09:36:12.885Z] > command requires scopes: ["email","openid","https://www.googleapis.com/auth/cloudplatformprojects.readonly","https://www.googleapis.com/auth/firebase","https://www.googleapis.com/auth/cloud-platform"]
[debug] [2026-05-08T09:36:12.885Z] > authorizing via signed-in user (vickyykumar14@gmail.com)
[debug] [2026-05-08T09:36:12.886Z] [iam] checking project mva-platform-production for permissions ["firebase.projects.get","firebasehosting.sites.update"]
[debug] [2026-05-08T09:36:12.886Z] Checked if tokens are valid: false, expires at: 1772435401829
[debug] [2026-05-08T09:36:12.886Z] Checked if tokens are valid: false, expires at: 1772435401829
[debug] [2026-05-08T09:36:12.887Z] > refreshing access token with scopes: []
[debug] [2026-05-08T09:36:12.887Z] >>> [apiv2][query] POST https://www.googleapis.com/oauth2/v3/token [none]
[debug] [2026-05-08T09:36:12.888Z] >>> [apiv2][body] POST https://www.googleapis.com/oauth2/v3/token [omitted]
[debug] [2026-05-08T09:36:13.510Z] <<< [apiv2][status] POST https://www.googleapis.com/oauth2/v3/token 200
[debug] [2026-05-08T09:36:13.511Z] <<< [apiv2][body] POST https://www.googleapis.com/oauth2/v3/token [omitted]
[debug] [2026-05-08T09:36:13.527Z] >>> [apiv2][query] POST https://cloudresourcemanager.googleapis.com/v1/projects/mva-platform-production:testIamPermissions [none]
[debug] [2026-05-08T09:36:13.527Z] >>> [apiv2][(partial)header] POST https://cloudresourcemanager.googleapis.com/v1/projects/mva-platform-production:testIamPermissions  x-goog-user-project=mva-platform-production
[debug] [2026-05-08T09:36:13.527Z] >>> [apiv2][body] POST https://cloudresourcemanager.googleapis.com/v1/projects/mva-platform-production:testIamPermissions {"permissions":["firebase.projects.get","firebasehosting.sites.update"]}
[debug] [2026-05-08T09:36:13.843Z] <<< [apiv2][status] GET https://firebase-public.firebaseio.com/cli.json 200
[debug] [2026-05-08T09:36:13.844Z] <<< [apiv2][body] GET https://firebase-public.firebaseio.com/cli.json {"cloudBuildErrorAfter":1594252800000,"cloudBuildWarnAfter":1590019200000,"defaultNode10After":1594252800000,"minVersion":"3.0.5","node8DeploysDisabledAfter":1613390400000,"node8RuntimeDisabledAfter":1615809600000,"node8WarnAfter":1600128000000}
[debug] [2026-05-08T09:36:15.415Z] <<< [apiv2][status] POST https://cloudresourcemanager.googleapis.com/v1/projects/mva-platform-production:testIamPermissions 400
[debug] [2026-05-08T09:36:15.415Z] <<< [apiv2][body] POST https://cloudresourcemanager.googleapis.com/v1/projects/mva-platform-production:testIamPermissions {"error":{"code":400,"message":"Project 'projects/mva-platform-production' not found or deleted.","status":"INVALID_ARGUMENT","details":[{"@type":"type.googleapis.com/google.rpc.ErrorInfo","reason":"USER_PROJECT_DENIED","domain":"googleapis.com","metadata":{"consumer":"projects/mva-platform-production","service":"cloudresourcemanager.googleapis.com","containerInfo":"projects/mva-platform-production"}}]}}
[debug] [2026-05-08T09:36:15.417Z] [iam] error while checking permissions, command may fail: Request to https://cloudresourcemanager.googleapis.com/v1/projects/mva-platform-production:testIamPermissions had HTTP Error: 400, Project 'projects/mva-platform-production' not found or deleted.
[debug] [2026-05-08T09:36:15.418Z] Checked if tokens are valid: true, expires at: 1778236572511
[debug] [2026-05-08T09:36:15.418Z] Checked if tokens are valid: true, expires at: 1778236572511
[debug] [2026-05-08T09:36:15.418Z] >>> [apiv2][query] GET https://firebase.googleapis.com/v1beta1/projects/mva-platform-production [none]
[debug] [2026-05-08T09:36:16.211Z] <<< [apiv2][status] GET https://firebase.googleapis.com/v1beta1/projects/mva-platform-production 403
[debug] [2026-05-08T09:36:16.211Z] <<< [apiv2][body] GET https://firebase.googleapis.com/v1beta1/projects/mva-platform-production {"error":{"code":403,"message":"The caller does not have permission","status":"PERMISSION_DENIED"}}
[debug] [2026-05-08T09:36:16.211Z] Request to https://firebase.googleapis.com/v1beta1/projects/mva-platform-production had HTTP Error: 403, The caller does not have permission
[debug] [2026-05-08T09:36:16.516Z] FirebaseError: Request to https://firebase.googleapis.com/v1beta1/projects/mva-platform-production had HTTP Error: 403, The caller does not have permission
    at responseToError (E:\vickyiitp\For connections\Gifts\node_modules\firebase-tools\lib\responseToError.js:53:12)
    at RetryOperation._fn (E:\vickyiitp\For connections\Gifts\node_modules\firebase-tools\lib\apiv2.js:333:77)
    at process.processTicksAndRejections (node:internal/process/task_queues:105:5)
[error] 
[error] Error: Failed to get Firebase project mva-platform-production. Please make sure the project exists and your account has permission to access it.
